In file included from ../ext/bson.cc:35:
In file included from ../ext/bson.h:17:
../../nan/nan.h:337:54: error: too many arguments to function call, expected at most 2, have 4
    return v8::Signature::New(nan_isolate, receiver, argc, argv);
           ~~~~~~~~~~~~~~~~~~                        ^~~~~~~~~~
/Users/wconstantine/.node-gyp/4.2.2/include/node/v8.h:4675:3: note: 'New' declared here
  static Local<Signature> New(
  ^
In file included from ../ext/bson.cc:35:
In file included from ../ext/bson.h:17:
../../nan/nan.h:409:19: error: no type named 'ExternalAsciiStringResource' in 'v8::String'; did you mean 'ExternalStringResource'?
      v8::String::ExternalAsciiStringResource *resource) {
      ~~~~~~~~~~~~^~~~~~~~~~~~~~~~~~~~~~~~~~~
                  ExternalStringResource
/Users/wconstantine/.node-gyp/4.2.2/include/node/v8.h:2210:19: note: 'ExternalStringResource' declared here
  class V8_EXPORT ExternalStringResource
                  ^
In file included from ../ext/bson.cc:35:
In file included from ../ext/bson.h:17:
../../nan/nan.h:408:36: error: redefinition of 'NanNew'
  NAN_INLINE v8::Local<v8::String> NanNew(
                                   ^
../../nan/nan.h:403:36: note: previous definition is here
  NAN_INLINE v8::Local<v8::String> NanNew(
                                   ^
../../nan/nan.h:427:3: error: redefinition of 'NanNew'
  NanNew<v8::StringObject, v8::Handle<v8::String> >(
  ^
../../nan/nan.h:420:3: note: previous definition is here
  NanNew<v8::StringObject, v8::Local<v8::String> >(
  ^
../../nan/nan.h:444:36: error: redefinition of 'NanNew'
  NAN_INLINE v8::Local<v8::RegExp> NanNew(
                                   ^
../../nan/nan.h:438:36: note: previous definition is here
  NAN_INLINE v8::Local<v8::RegExp> NanNew(
                                   ^
../../nan/nan.h:456:36: error: redefinition of 'NanNew'
  NAN_INLINE v8::Local<v8::RegExp> NanNew(
                                   ^
../../nan/nan.h:450:36: note: previous definition is here
  NAN_INLINE v8::Local<v8::RegExp> NanNew(
                                   ^
../../nan/nan.h:767:13: error: no member named 'smalloc' in namespace 'node'
    , node::smalloc::FreeCallback callback
      ~~~~~~^
../../nan/nan.h:777:12: error: no matching function for call to 'New'
    return node::Buffer::New(nan_isolate, data, size);
           ^~~~~~~~~~~~~~~~~
/Users/wconstantine/.node-gyp/4.2.2/include/node/node_buffer.h:31:40: note: candidate function not viable: no known conversion from 'uint32_t' (aka 'unsigned int') to 'enum encoding' for 3rd argument
NODE_EXTERN v8::MaybeLocal<v8::Object> New(v8::Isolate* isolate,
                                       ^
/Users/wconstantine/.node-gyp/4.2.2/include/node/node_buffer.h:43:40: note: candidate function not viable: 2nd argument ('const char *') would lose const qualifier
NODE_EXTERN v8::MaybeLocal<v8::Object> New(v8::Isolate* isolate,
                                       ^
/Users/wconstantine/.node-gyp/4.2.2/include/node/node_buffer.h:28:40: note: candidate function not viable: requires 2 arguments, but 3 were provided
NODE_EXTERN v8::MaybeLocal<v8::Object> New(v8::Isolate* isolate, size_t length);
                                       ^
/Users/wconstantine/.node-gyp/4.2.2/include/node/node_buffer.h:36:40: note: candidate function not viable: requires 5 arguments, but 3 were provided
NODE_EXTERN v8::MaybeLocal<v8::Object> New(v8::Isolate* isolate,
                                       ^
In file included from ../ext/bson.cc:35:
In file included from ../ext/bson.h:17:
../../nan/nan.h:781:12: error: no viable conversion from 'v8::MaybeLocal<v8::Object>' to 'v8::Local<v8::Object>'
    return node::Buffer::New(nan_isolate, size);
           ^~~~~~~~~~~~~~~~~~~~~~~~~~~~~~~~~~~~
/Users/wconstantine/.node-gyp/4.2.2/include/node/v8.h:210:7: note: candidate constructor (the implicit copy constructor) not viable: no known conversion from 'v8::MaybeLocal<v8::Object>' to 'const v8::Local<v8::Object> &' for 1st argument
class Local {
      ^
/Users/wconstantine/.node-gyp/4.2.2/include/node/v8.h:210:7: note: candidate constructor (the implicit move constructor) not viable: no known conversion from 'v8::MaybeLocal<v8::Object>' to 'v8::Local<v8::Object> &&' for 1st argument
class Local {
      ^
/Users/wconstantine/.node-gyp/4.2.2/include/node/v8.h:214:13: note: candidate template ignored: could not match 'Local' against 'MaybeLocal'
  V8_INLINE Local(Local<S> that)
            ^
/Users/wconstantine/.node-gyp/4.2.2/include/node/v8.h:326:13: note: candidate template ignored: could not match 'S *' against 'v8::MaybeLocal<v8::Object>'
  V8_INLINE Local(S* that)
            ^
In file included from ../ext/bson.cc:35:
In file included from ../ext/bson.h:17:
../../nan/nan.h:788:26: error: no member named 'Use' in namespace 'node::Buffer'
    return node::Buffer::Use(nan_isolate, data, size);
           ~~~~~~~~~~~~~~^
../../nan/nan.h:1728:12: error: no member named 'IsExternalAscii' in 'v8::String'; did you mean 'IsExternal'?
  if (str->IsExternalAscii()) {
           ^~~~~~~~~~~~~~~
           IsExternal
/Users/wconstantine/.node-gyp/4.2.2/include/node/v8.h:2174:8: note: 'IsExternal' declared here
  bool IsExternal() const;
       ^
In file included from ../ext/bson.cc:35:
In file included from ../ext/bson.h:17:
../../nan/nan.h:1729:23: error: no type named 'ExternalAsciiStringResource' in 'v8::String'; did you mean 'ExternalStringResource'?
    const v8::String::ExternalAsciiStringResource* ext;
          ~~~~~~~~~~~~^~~~~~~~~~~~~~~~~~~~~~~~~~~
                      ExternalStringResource
/Users/wconstantine/.node-gyp/4.2.2/include/node/v8.h:2210:19: note: 'ExternalStringResource' declared here
  class V8_EXPORT ExternalStringResource
                  ^
In file included from ../ext/bson.cc:35:
In file included from ../ext/bson.h:17:
../../nan/nan.h:1730:16: error: no member named 'GetExternalAsciiStringResource' in 'v8::String'
    ext = str->GetExternalAsciiStringResource();
          ~~~  ^
../../nan/nan.h:1731:11: error: assigning to 'const char *' from incompatible type 'const uint16_t *' (aka 'const unsigned short *')
    *data = ext->data();
          ^ ~~~~~~~~~~~
../ext/bson.cc:796:17: warning: 'DecodeBytes' is deprecated: Use DecodeBytes(isolate, ...) [-Wdeprecated-declarations]
                ssize_t len = DecodeBytes(args[0], BINARY);
                              ^
/Users/wconstantine/.node-gyp/4.2.2/include/node/node.h:318:32: note: 'DecodeBytes' has been explicitly marked deprecated here
                inline ssize_t DecodeBytes(
                               ^
/Users/wconstantine/.node-gyp/4.2.2/include/node/node.h:66:42: note: expanded from macro 'NODE_DEPRECATED'
    __attribute__((deprecated(message))) declarator
                                         ^
../ext/bson.cc:803:3: warning: 'DecodeWrite' is deprecated: Use DecodeWrite(isolate, ...) [-Wdeprecated-declarations]
                DecodeWrite(data, len, args[0], BINARY);
                ^
/Users/wconstantine/.node-gyp/4.2.2/include/node/node.h:331:32: note: 'DecodeWrite' has been explicitly marked deprecated here
                inline ssize_t DecodeWrite(char* buf,
                               ^
/Users/wconstantine/.node-gyp/4.2.2/include/node/node.h:66:42: note: expanded from macro 'NODE_DEPRECATED'
    __attribute__((deprecated(message))) declarator
                                         ^
../ext/bson.cc:897:28: warning: 'Encode' is deprecated: Use Encode(isolate, ...) [-Wdeprecated-declarations]
                Local<Value> bin_value = Encode(serialized_object, object_size, BINARY)->ToString();
                                         ^
/Users/wconstantine/.node-gyp/4.2.2/include/node/node.h:299:45: note: 'Encode' has been explicitly marked deprecated here
                inline v8::Local<v8::Value> Encode(
                                            ^
/Users/wconstantine/.node-gyp/4.2.2/include/node/node.h:66:42: note: expanded from macro 'NODE_DEPRECATED'
    __attribute__((deprecated(message))) declarator
                                         ^
In file included from ../ext/bson.cc:35:
In file included from ../ext/bson.h:17:
../../nan/nan.h:360:12: error: no matching function for call to 'New'
    return T::New(nan_isolate, arg1, arg2);
           ^~~~~~
../ext/bson.cc:505:11: note: in instantiation of function template specialization 'NanNew<v8::RegExp, v8::Local<v8::String> >' requested here
                        return NanNew<RegExp>(regex->ToString(), (RegExp::Flags) options);
                               ^
/Users/wconstantine/.node-gyp/4.2.2/include/node/v8.h:3975:51: note: candidate function not viable: no known conversion from 'int' to 'v8::RegExp::Flags' for 3rd argument
  static V8_WARN_UNUSED_RESULT MaybeLocal<RegExp> New(Local<Context> context,
                                                  ^
/Users/wconstantine/.node-gyp/4.2.2/include/node/v8.h:3973:42: note: candidate function not viable: requires 2 arguments, but 3 were provided
                           Local<RegExp> New(Local<String> pattern,
                                         ^
/Users/wconstantine/.node-gyp/4.2.2/include/node/v8config.h:347:48: note: expanded from macro 'V8_DEPRECATE_SOON'
#define V8_DEPRECATE_SOON(message, declarator) declarator
                                               ^
3 warnings and 15 errors generated.
make: *** [Release/obj.target/bson/ext/bson.o] Error 1
gyp ERR! build error 
gyp ERR! stack Error: `make` failed with exit code: 2
gyp ERR! stack     at ChildProcess.onExit (/usr/local/lib/node_modules/npm/node_modules/node-gyp/lib/build.js:270:23)
gyp ERR! stack     at emitTwo (events.js:87:13)
gyp ERR! stack     at ChildProcess.emit (events.js:172:7)
gyp ERR! stack     at Process.ChildProcess._handle.onexit (internal/child_process.js:200:12)
gyp ERR! System Darwin 14.5.0
gyp ERR! command "/usr/local/bin/node" "/usr/local/lib/node_modules/npm/node_modules/node-gyp/bin/node-gyp.js" "rebuild"
gyp ERR! cwd /Users/wconstantine/Desktop/MicrobrewMondays/node_modules/mongodb/node_modules/bson
gyp ERR! node -v v4.2.2
gyp ERR! node-gyp -v v3.0.3
gyp ERR! not ok 
